<?xml version="1.0" encoding="UTF-8"?>
<!-- Generated by org.testng.reporters.JUnitXMLReporter -->
<testsuite ignored="0" hostname="Jeswin-Acer-Nitro-5" failures="0" tests="12" name="Default test" time="50.66" errors="0" timestamp="2025-09-19T21:45:52 IST">
  <testcase classname="testpkg.TestClass" name="logoCheck" time="0.382"/>
  <testcase classname="testpkg.TestClass" name="titleCheck" time="0.019"/>
  <testcase classname="testpkg.TestClass" name="scrollButtonCheck" time="0.249"/>
  <testcase classname="testpkg.TestClass" name="navigationMenuCheck" time="1.404"/>
  <testcase classname="testpkg.TestClass" name="searchCheck" time="9.804"/>
  <testcase classname="testpkg.TestClass" name="newsCheck" time="7.368"/>
  <testcase classname="testpkg.TestClass" name="newsCheck" time="5.498"/>
  <testcase classname="testpkg.TestClass" name="newsCheck" time="7.521"/>
  <testcase classname="testpkg.TestClass" name="goingUp" time="0.169"/>
  <testcase classname="testpkg.TestClass" name="where" time="3.4"/>
  <testcase classname="testpkg.TestClass" name="experiences" time="3.676"/>
  <testcase classname="testpkg.TestClass" name="plan" time="0.762"/>
</testsuite> <!-- Default test -->
